<?xml version="1.0" encoding="UTF-8"?>
<!-- Generated by org.testng.reporters.JUnitReportReporter -->
<testsuite hostname="MacBook-Air.local" failures="0" tests="1" name="testCases.TC002_LoginTest" time="1.898" errors="0" timestamp="2025-07-25T22:28:59 CDT" skipped="0">
  <testcase classname="testCases.TC002_LoginTest" name="LoggingIn" time="1.898"/>
</testsuite> <!-- testCases.TC002_LoginTest -->
