<?xml version="1.0" encoding="UTF-8"?>
<!-- Generated by org.testng.reporters.JUnitReportReporter -->
<testsuite hostname="MacBook-Air.local" failures="0" tests="1" name="testCases.TC006_Checkoutoperation" time="45.965" errors="0" timestamp="2025-07-30T12:53:03 CDT" skipped="0">
  <testcase classname="testCases.TC006_Checkoutoperation" name="endToendTest" time="45.965"/>
</testsuite> <!-- testCases.TC006_Checkoutoperation -->
