<?xml version="1.0" encoding="UTF-8"?>
<!-- Generated by org.testng.reporters.JUnitReportReporter -->
<testsuite hostname="MacBook-Air.local" failures="0" tests="5" name="testCases.TC003_DataDrivenThroughJSON" time="60.077" errors="0" timestamp="2025-07-21T13:21:29 CDT" skipped="0">
  <testcase classname="testCases.TC003_DataDrivenThroughJSON" name="VerifyTC003LoginTest" time="13.216"/>
  <testcase classname="testCases.TC003_DataDrivenThroughJSON" name="VerifyTC003LoginTest" time="5.303"/>
  <testcase classname="testCases.TC003_DataDrivenThroughJSON" name="VerifyTC003LoginTest" time="13.203"/>
  <testcase classname="testCases.TC003_DataDrivenThroughJSON" name="VerifyTC003LoginTest" time="15.082"/>
  <testcase classname="testCases.TC003_DataDrivenThroughJSON" name="VerifyTC003LoginTest" time="13.273"/>
</testsuite> <!-- testCases.TC003_DataDrivenThroughJSON -->
