<?xml version="1.0" encoding="UTF-8"?>
<!-- Generated by org.testng.reporters.JUnitReportReporter -->
<testsuite hostname="MacBook-Air.local" failures="0" tests="1" name="testCases.TC001_AcctRegTest" time="4.375" errors="0" timestamp="2025-07-26T17:47:28 CDT" skipped="0">
  <testcase classname="testCases.TC001_AcctRegTest" name="verifyaccRegtest" time="4.375"/>
</testsuite> <!-- testCases.TC001_AcctRegTest -->
